<?xml version="1.0" encoding="UTF-8"?>
<!-- Generated by org.testng.reporters.JUnitXMLReporter -->
<testsuite hostname="user" ignored="0" name="Default test" tests="7" failures="0" timestamp="2022-01-03T13:33:45 IST" time="27.849" errors="0">
  <testcase name="url_Launch" time="11.466" classname="com.testNG_Runner.Adactin_Runner"/>
  <testcase name="login" time="1.923" classname="com.testNG_Runner.Adactin_Runner"/>
  <testcase name="searchHotel" time="2.966" classname="com.testNG_Runner.Adactin_Runner"/>
  <testcase name="selectHotel" time="1.124" classname="com.testNG_Runner.Adactin_Runner"/>
  <testcase name="bookHotel" time="1.873" classname="com.testNG_Runner.Adactin_Runner"/>
  <testcase name="logOut" time="6.013" classname="com.testNG_Runner.Adactin_Runner"/>
  <testcase name="url_Close" time="2.263" classname="com.testNG_Runner.Adactin_Runner"/>
</testsuite> <!-- Default test -->
