<?xml version="1.0" encoding="UTF-8"?>
<!-- Generated by org.testng.reporters.JUnitXMLReporter -->
<testsuite hostname="user" ignored="0" name="Default test" tests="3" failures="0" timestamp="2021-12-28T15:51:36 IST" time="0.159" errors="0">
  <testcase name="mobile" time="0.021" classname="com.testng.Dependency"/>
  <testcase name="watch" time="0.005" classname="com.testng.Dependency"/>
  <testcase name="offer" time="0.004" classname="com.testng.Dependency"/>
</testsuite> <!-- Default test -->
